error: Error interno del servidor en /products - 21:37:42
error: Error interno del servidor en /products - 21:43:44
error: Error interno del servidor en /products - 21:44:06
error: Error en / - 22:25:10
error: Error interno del servidor en /products - 22:39:38
error: Error interno del servidor en /products - 22:41:36
error: Error interno del servidor en /products - 22:41:39
error: Error interno del servidor en /products - 22:41:40
error: Error interno del servidor en /products - 22:41:41
error: Error interno del servidor en /products - 22:41:43
error: Error en / - 22:46:41
error: Error en / - 22:52:12
error: Error interno del servidor en /products - 23:07:27
error: Error interno del servidor en /products - 23:07:55
error: Error interno del servidor en /products - 23:09:48
error: Error interno del servidor en /products - 23:16:21
error: Error interno del servidor en /products - 23:16:23
error: Error interno del servidor en /products - 23:16:30
error: Error en /products - 23:17:09
error: Error interno del servidor en /products - 23:17:09
error: Error en /products - 23:17:11
error: Error interno del servidor en /products - 23:17:11
error: Error en /products - 23:24:15
error: Error interno del servidor en /products - 23:24:15
error: Error en /products - 23:24:17
error: Error interno del servidor en /products - 23:24:17
error: Error en /products - 23:24:18
error: Error interno del servidor en /products - 23:24:18
error: Error en /products - 23:25:03
error: Error interno del servidor en /products - 23:25:03
error: Error en /products - 23:25:05
error: Error interno del servidor en /products - 23:25:05
error: Error interno del servidor en /products - 23:25:21
error: Error interno del servidor en /products - 23:25:22
error: Error en /products - 23:30:34
error: Error interno del servidor en /products - 23:30:34
error: Error interno del servidor en /products - 23:32:59
error: Error interno del servidor en /products - 23:33:00
error: Error interno del servidor en /products - 23:36:25
error: Error interno del servidor en /products - 23:36:27
error: Error interno del servidor en /products - 23:38:50
error: Error interno del servidor en /products - 23:38:51
error: Error interno del servidor en /products - 23:45:03
error: Error interno del servidor en /products - 23:45:13
error: Error interno del servidor en /products - 23:45:37
error: Error interno del servidor en /products - 0:10:48
error: Error interno del servidor en /products - 18:51:44
error: Error interno del servidor en /products - 18:53:19
error: Error interno del servidor en /products - 18:54:03
error: Error interno del servidor en /products - 19:04:45
error: Error interno del servidor en /products - 19:05:08
error: Error interno del servidor en /products - 19:08:03
error: Error interno del servidor en /products - 19:08:25
error: Error interno del servidor en /products - 19:08:44
error: Carrito no encontrado. en /carts/6636b1e0b91083e3e2424d38/products/65fe259400433c4481b5ba6d - 19:14:44
error: Ha ocurrido un error interno del servidor en /carrito - 19:56:11
error: No se ha podido agregar el producto al carrito. en /carts/66b7a060b839db623a074a0b/products/65fe259400433c4481b5ba5d - 18:25:10
error: No se ha podido agregar el producto al carrito. en /carts/66b7a060b839db623a074a0b/products/65fe259400433c4481b5ba6d - 18:30:20
error: No se ha podido agregar el producto al carrito. en /carts/66b7a060b839db623a074a0b/products/65fe259400433c4481b5ba6d - 18:30:45
error: No se ha podido agregar el producto al carrito. en /carts/66b7a060b839db623a074a0b/products/65fe259400433c4481b5ba6d - 18:31:16
error: No se ha podido agregar el producto al carrito. en /carts/66b7a060b839db623a074a0b/products/65fe259400433c4481b5ba6d - 18:31:57
error: No se ha podido agregar el producto al carrito. en /carts/66b7a060b839db623a074a0b/products/65fe259400433c4481b5ba6d - 18:40:01
error: No se ha podido agregar el producto al carrito. en /carts/66b7a060b839db623a074a0b/products/65fe259400433c4481b5ba6d - 18:43:45
error: No se ha podido agregar el producto al carrito. en /carts/66b7a060b839db623a074a0b/products/65fe259400433c4481b5ba6d - 19:56:41
error: Ha ocurrido un error en /carts/66b7a060b839db623a074a0b/products/65fe259400433c4481b5ba6d/update - 21:49:15
error: Ha ocurrido un error en /carts/66b7a060b839db623a074a0b/products/65fe259400433c4481b5ba6d/update - 21:56:38
error: Ha ocurrido un error en /carts/66b7a060b839db623a074a0b/products/65fe259400433c4481b5ba6d/update - 21:59:46
error: Ha ocurrido un error en /carts/66b7a060b839db623a074a0b/products/65fe259400433c4481b5ba6d/update - 22:00:15
error: Ha ocurrido un error en /carts/66b7a060b839db623a074a0b/products/65fe259400433c4481b5ba6d/update - 22:00:42
error: Ha ocurrido un error en /carts/66b7a060b839db623a074a0b/products/65fe259400433c4481b5ba6d/update - 22:01:10
error: Ha ocurrido un error en /carts/66b7a060b839db623a074a0b/products/65fe259400433c4481b5ba6d/update - 22:01:29
error: Ha ocurrido un error en /carts/66b7a060b839db623a074a0b/products/65fe259400433c4481b5ba6d/update - 22:02:07
error: Ha ocurrido un error en /carts/66b7a060b839db623a074a0b/products/65fe259400433c4481b5ba6d/update - 22:02:53
error: Ha ocurrido un error en /carts/66b90a64456df719ca59188b/products/65fe259400433c4481b5ba6d/update - 22:03:54
error: Ha ocurrido un error en /carts/66b7a060b839db623a074a0b/products/65fe259400433c4481b5ba6d/update - 22:05:54
error: Ha ocurrido un error en /carts/66b7a060b839db623a074a0b/products/65fe259400433c4481b5ba6d/update - 22:08:50
error: Ha ocurrido un error en /carts/66b7a060b839db623a074a0b/products/65fe259400433c4481b5ba6d/update - 22:10:20
error: Ha ocurrido un error en /carts/66b7a060b839db623a074a0b/products/65fe259400433c4481b5ba6d/update - 22:12:33
error: Ha ocurrido un error en /carts/66b7a060b839db623a074a0b/products/65fe259400433c4481b5ba6d/update - 22:14:26
error: Ha ocurrido un error en /carts/66b7a060b839db623a074a0b/products/65fe259400433c4481b5ba6d/update - 22:14:43
error: Ha ocurrido un error en /carts/66b7a060b839db623a074a0b/products/65fe259400433c4481b5ba6d/update - 22:16:30
error: Error al obtener productos en /realtimeproducts - 16:46:54
error: Error al obtener productos en /realtimeproducts - 16:50:02
error: Error interno del servidor en /users - 17:36:48
error: Error interno del servidor en /users - 17:39:22
error: Error interno del servidor en /users - 17:39:38
error: Error interno del servidor en /users - 17:40:15
error: Error interno del servidor en /users - 17:43:59
error: Error interno del servidor en /66ba71ececba03726e0e7444/documents - 22:43:43
error: Error interno del servidor en /66ba71ececba03726e0e7444/documents - 22:50:01
error: Error interno del servidor en /66ba77fa6e66ae976925e44f/documents - 23:03:32
error: Error interno del servidor en /66ba7cd364282f9108201869/documents - 23:23:02
error: Error interno del servidor en /66ba7cd364282f9108201869/documents - 23:27:51
error: Error interno del servidor en /admin/deleteUser/66ba7aa9e9529814d9483e07 - 23:30:15
error: Error interno del servidor en /premium/products - 1:14:48
error: Error interno del servidor en /premium/products - 1:15:31
error: Error interno del servidor en /premium/products - 1:16:37
error: Error interno del servidor en /premium/products - 1:17:29
error: Error interno del servidor en /premium/products - 1:19:04
error: Error interno del servidor en /premium/products - 1:19:38
error: Error interno del servidor en /premium/products - 1:20:39
error: Error interno del servidor en /premium/products - 1:22:48
error: Error interno del servidor en /premium/products - 1:23:29
error: Error interno del servidor en /premium/products - 1:31:20
error: Error interno del servidor en /premium/products - 1:32:38
error: Error interno del servidor en /premium/products - 1:34:56
error: Error interno del servidor en /premium/products - 1:36:45
error: Error interno del servidor en /premium/products - 1:39:55
error: Error interno del servidor en /premium/products - 1:40:49
error: Error interno del servidor en /premium/products - 1:41:10
error: Error interno del servidor en /premium/products - 1:41:59
error: Error interno del servidor en /premium/products - 1:42:34
error: Error interno del servidor en /premium/shop - 1:43:16
error: Error interno del servidor en /premiumprod - 1:58:12
error: Error interno del servidor en /premium/upload - 14:59:52
error: Error interno del servidor en /premium/upload - 15:00:30
error: Error interno del servidor en /premium/upload - 15:01:03
error: Error interno del servidor en /premium/upload - 15:02:58
error: Error interno del servidor en /premium/upload - 15:05:23
error: Error interno del servidor en /premium/upload - 15:07:09
error: Error interno del servidor en /premium/upload - 15:13:10
error: Error interno del servidor en /premium/upload - 15:15:26
error: Error interno del servidor en /premium/upload - 15:16:54
error: Error interno del servidor en /premium/upload - 15:18:22
error: Error interno del servidor en /premium/upload - 15:18:42
error: Error interno del servidor en /premium/upload - 15:19:02
error: Error interno del servidor en /premium/upload - 15:20:17
error: Error interno del servidor en /premium/upload - 15:22:43
error: Error interno del servidor en /premium/upload - 15:23:29
error: Error interno del servidor en /premium/upload - 15:24:07
error: Error interno del servidor en /premium/upload - 15:24:46
error: Error interno del servidor en /premium/upload - 15:26:14
error: Error interno del servidor en /premium/upload - 15:28:21
error: Error interno del servidor en /premium/upload - 15:32:12
error: Error interno del servidor en /premium/upload - 15:36:38
error: Error interno del servidor en /premium/upload - 15:37:21
error: Error interno del servidor en /premium/upload - 15:38:06
error: Error interno del servidor en /premium/upload - 15:41:11
error: Error interno del servidor en /premium/upload - 15:41:35
error: Error interno del servidor en /premium/upload - 15:44:55
error: Error interno del servidor en /premium/upload - 15:46:10
error: Error interno del servidor en /premium/upload - 15:50:22
error: Error interno del servidor en /premium/upload - 15:51:01
error: Error interno del servidor en /premium/upload - 15:52:12
error: Error interno del servidor en /premium/upload - 15:54:39
error: Error interno del servidor en /premium/upload - 15:55:37
error: Error interno del servidor en /premium/upload - 15:56:00
error: Error interno del servidor en /premium/upload - 15:57:00
error: Error interno del servidor en /premium/upload - 16:04:32
error: Error interno del servidor en /premium/upload - 16:05:12
error: Error interno del servidor en /premium/upload - 16:06:02
error: Error interno del servidor en /products/add - 18:59:57
error: Error interno del servidor en /products/add - 19:00:46
error: Error interno del servidor en /products/add - 19:01:20
error: Error en /products/add - 19:03:00
error: Error interno del servidor en /premium/products - 20:07:04
error: Error interno del servidor en /premium/products - 20:08:04
error: Error interno del servidor en /premium/products - 20:11:24
error: Error interno del servidor en /premium/products - 20:11:51
error: Error interno del servidor en /premium/products - 20:13:31
error: Error interno del servidor en /premium/products - 20:18:11
error: Error en /premium-products - 20:18:27
error: Error interno del servidor en /products - 21:06:03
error: Error interno del servidor en /products - 21:13:50
error: Error interno del servidor en /products - 21:14:05
